#
# There is insufficient memory for the Java Runtime Environment to continue.
# Native memory allocation (malloc) failed to allocate 354096 bytes for Chunk::new
# Possible reasons:
#   The system is out of physical RAM or swap space
#   The process is running with CompressedOops enabled, and the Java Heap may be blocking the growth of the native heap
# Possible solutions:
#   Reduce memory load on the system
#   Increase physical memory or swap space
#   Check if swap backing store is full
#   Decrease Java heap size (-Xmx/-Xms)
#   Decrease number of Java threads
#   Decrease Java thread stack sizes (-Xss)
#   Set larger code cache with -XX:ReservedCodeCacheSize=
#   JVM is running with Zero Based Compressed Oops mode in which the Java heap is
#     placed in the first 32GB address space. The Java Heap base address is the
#     maximum limit for the native heap growth. Please use -XX:HeapBaseMinAddress
#     to set the Java Heap base and to place the Java Heap above 32GB virtual address.
# This output file may be truncated or incomplete.
#
#  Out of Memory Error (allocation.cpp:389), pid=14144, tid=0x0000000000002178
#
# JRE version: OpenJDK Runtime Environment (8.0_402-b08) (build 1.8.0_402-b08)
# Java VM: OpenJDK 64-Bit Server VM (25.402-b08 mixed mode windows-amd64 compressed oops)
# Failed to write core dump. Minidumps are not enabled by default on client versions of Windows
#

---------------  T H R E A D  ---------------

Current thread (0x0000029db2991800):  JavaThread "C2 CompilerThread1" daemon [_thread_in_native, id=8568, stack(0x000000c7ab400000,0x000000c7ab500000)]

Stack: [0x000000c7ab400000,0x000000c7ab500000]
[error occurred during error reporting (printing stack bounds), id 0xc0000005]

Native frames: (J=compiled Java code, j=interpreted, Vv=VM code, C=native code)


Current CompileTask:
C2:   2065  870   !   4       sun.misc.URLClassPath$JarLoader::getResource (85 bytes)


---------------  P R O C E S S  ---------------

Java Threads: ( => current thread )
  0x0000029db2adc000 JavaThread "Service Thread" daemon [_thread_blocked, id=25720, stack(0x000000c7ab700000,0x000000c7ab800000)]
  0x0000029db2a96800 JavaThread "C1 CompilerThread3" daemon [_thread_blocked, id=22596, stack(0x000000c7ab600000,0x000000c7ab700000)]
  0x0000029db2a4b000 JavaThread "C2 CompilerThread2" daemon [_thread_blocked, id=12048, stack(0x000000c7ab500000,0x000000c7ab600000)]
=>0x0000029db2991800 JavaThread "C2 CompilerThread1" daemon [_thread_in_native, id=8568, stack(0x000000c7ab400000,0x000000c7ab500000)]
  0x0000029db298c800 JavaThread "C2 CompilerThread0" daemon [_thread_blocked, id=15376, stack(0x000000c7ab300000,0x000000c7ab400000)]
  0x0000029db2a24800 JavaThread "Monitor Ctrl-Break" daemon [_thread_in_native, id=18648, stack(0x000000c7ab200000,0x000000c7ab300000)]
  0x0000029db02ea800 JavaThread "Attach Listener" daemon [_thread_blocked, id=21232, stack(0x000000c7ab100000,0x000000c7ab200000)]
  0x0000029db02e9000 JavaThread "Signal Dispatcher" daemon [_thread_blocked, id=8848, stack(0x000000c7ab000000,0x000000c7ab100000)]
  0x0000029db02be000 JavaThread "Finalizer" daemon [_thread_blocked, id=10128, stack(0x000000c7aaf00000,0x000000c7ab000000)]
  0x0000029db02b7800 JavaThread "Reference Handler" daemon [_thread_blocked, id=15740, stack(0x000000c7aae00000,0x000000c7aaf00000)]
  0x0000029d954e9800 JavaThread "main" [_thread_in_vm, id=17908, stack(0x000000c7aa200000,0x000000c7aa300000)]

Other Threads:
  0x0000029db0290800 VMThread [stack: 0x000000c7aad00000,0x000000c7aae00000] [id=23600]
  0x0000029db2ab4000 WatcherThread [stack: 0x000000c7ab800000,0x000000c7ab900000] [id=14292]

VM state:not at safepoint (normal execution)

VM Mutex/Monitor currently owned by a thread: None

heap address: 0x00000006c1400000, size: 4076 MB, Compressed Oops mode: Zero based, Oop shift amount: 3
Narrow klass base: 0x0000000000000000, Narrow klass shift: 3
Compressed class space size: 1073741824 Address: 0x00000007c0000000

Heap:
 PSYoungGen      total 76288K, used 60714K [0x000000076b180000, 0x0000000770680000, 0x00000007c0000000)
  eden space 65536K, 92% used [0x000000076b180000,0x000000076ecca9a8,0x000000076f180000)
  from space 10752K, 0% used [0x000000076fc00000,0x000000076fc00000,0x0000000770680000)
  to   space 10752K, 0% used [0x000000076f180000,0x000000076f180000,0x000000076fc00000)
 ParOldGen       total 175104K, used 0K [0x00000006c1400000, 0x00000006cbf00000, 0x000000076b180000)
  object space 175104K, 0% used [0x00000006c1400000,0x00000006c1400000,0x00000006cbf00000)
 Metaspace       used 15181K, capacity 15472K, committed 15744K, reserved 1067008K
  class space    used 1774K, capacity 1850K, committed 1920K, reserved 1048576K

Card table byte_map: [0x0000029da6360000,0x0000029da6b60000] byte_map_base: 0x0000029da2d56000

Marking Bits: (ParMarkBitMap*) 0x00000000607e3810
 Begin Bits: [0x0000029da70b0000, 0x0000029dab060000)
 End Bits:   [0x0000029dab060000, 0x0000029daf010000)

Polling page: 0x0000029d95720000

CodeCache: size=245760Kb used=3551Kb max_used=3561Kb free=242208Kb
 bounds [0x0000029d96fa0000, 0x0000029d97320000, 0x0000029da5fa0000]
 total_blobs=1343 nmethods=944 adapters=312
 compilation: enabled

Compilation events (10 events):
Event: 1.973 Thread 0x0000029db2a4b000 nmethod 882 0x0000029d972e8590 code [0x0000029d972e86e0, 0x0000029d972e8828]
Event: 1.973 Thread 0x0000029db2a4b000  884       4       java.util.jar.JarFile::getJarEntry (9 bytes)
Event: 1.975 Thread 0x0000029db2a96800  885   !   3       sun.misc.URLClassPath$JarLoader::getResource (353 bytes)
Event: 1.978 Thread 0x0000029db2a96800 nmethod 885 0x0000029d972e8990 code [0x0000029d972e8dc0, 0x0000029d972eae60]
Event: 1.981 Thread 0x0000029db2a96800  886       3       java.util.Arrays::asList (9 bytes)
Event: 1.981 Thread 0x0000029db2a96800 nmethod 886 0x0000029d972e7cd0 code [0x0000029d972e7e60, 0x0000029d972e82f0]
Event: 1.981 Thread 0x0000029db2a96800  887       3       java.util.Arrays$ArrayList::<init> (16 bytes)
Event: 1.982 Thread 0x0000029db2a96800 nmethod 887 0x0000029d972e7590 code [0x0000029d972e7720, 0x0000029d972e7b10]
Event: 1.984 Thread 0x0000029db2a96800  888       1       java.util.HashMap::size (5 bytes)
Event: 1.984 Thread 0x0000029db2a96800 nmethod 888 0x0000029d972e72d0 code [0x0000029d972e7420, 0x0000029d972e7538]

GC Heap History (0 events):
No events

Deoptimization events (8 events):
Event: 0.299 Thread 0x0000029d954e9800 Uncommon trap: reason=loop_limit_check action=maybe_recompile pc=0x0000029d970b33dc method=java.lang.String.equals(Ljava/lang/Object;)Z @ 56
Event: 0.431 Thread 0x0000029d954e9800 Uncommon trap: reason=unstable_if action=reinterpret pc=0x0000029d9718a878 method=sun.misc.MetaIndex.mayContain(Ljava/lang/String;)Z @ 13
Event: 0.822 Thread 0x0000029d954e9800 Uncommon trap: reason=null_check action=make_not_entrant pc=0x0000029d9715e4f8 method=java.lang.String.equals(Ljava/lang/Object;)Z @ 8
Event: 0.833 Thread 0x0000029d954e9800 Uncommon trap: reason=unstable_if action=reinterpret pc=0x0000029d971699a0 method=java.lang.String.indexOf([CII[CIII)I @ 3
Event: 1.816 Thread 0x0000029d954e9800 Uncommon trap: reason=unstable_if action=reinterpret pc=0x0000029d971fed54 method=java.io.WinNTFileSystem.normalize(Ljava/lang/String;)Ljava/lang/String; @ 128
Event: 1.842 Thread 0x0000029d954e9800 Uncommon trap: reason=unstable_if action=reinterpret pc=0x0000029d97214aa8 method=java.util.HashMap.getNode(ILjava/lang/Object;)Ljava/util/HashMap$Node; @ 62
Event: 1.843 Thread 0x0000029d954e9800 Uncommon trap: reason=unstable_if action=reinterpret pc=0x0000029d971fb17c method=java.util.HashMap.getNode(ILjava/lang/Object;)Ljava/util/HashMap$Node; @ 62
Event: 1.960 Thread 0x0000029d954e9800 Uncommon trap: reason=unstable_if action=reinterpret pc=0x0000029d97281bac method=java.util.zip.ZipCoder.encoder()Ljava/nio/charset/CharsetEncoder; @ 4

Classes redefined (0 events):
No events

Internal exceptions (10 events):
Event: 0.243 Thread 0x0000029d954e9800 Exception <a 'java/security/PrivilegedActionException'> (0x000000076b861bc0) thrown at [C:\wsjdk\Corretto8Src\installers\windows\zip\corretto-build\buildRoot\hotspot\src\share\vm\prims\jvm.cpp, line 1514]
Event: 0.244 Thread 0x0000029d954e9800 Exception <a 'java/security/PrivilegedActionException'> (0x000000076b861dd0) thrown at [C:\wsjdk\Corretto8Src\installers\windows\zip\corretto-build\buildRoot\hotspot\src\share\vm\prims\jvm.cpp, line 1514]
Event: 0.244 Thread 0x0000029d954e9800 Exception <a 'java/security/PrivilegedActionException'> (0x000000076b864fc0) thrown at [C:\wsjdk\Corretto8Src\installers\windows\zip\corretto-build\buildRoot\hotspot\src\share\vm\prims\jvm.cpp, line 1514]
Event: 0.244 Thread 0x0000029d954e9800 Exception <a 'java/security/PrivilegedActionException'> (0x000000076b8651d0) thrown at [C:\wsjdk\Corretto8Src\installers\windows\zip\corretto-build\buildRoot\hotspot\src\share\vm\prims\jvm.cpp, line 1514]
Event: 0.245 Thread 0x0000029d954e9800 Exception <a 'java/lang/NoClassDefFoundError': org/slf4j/impl/StaticLoggerBinder> (0x000000076b870910) thrown at [C:\wsjdk\Corretto8Src\installers\windows\zip\corretto-build\buildRoot\hotspot\src\share\vm\classfile\systemDictionary.cpp, line 206]
Event: 0.288 Thread 0x0000029d954e9800 Exception <a 'java/lang/NoSuchFieldError': method resolution failed> (0x000000076ba13890) thrown at [C:\wsjdk\Corretto8Src\installers\windows\zip\corretto-build\buildRoot\hotspot\src\share\vm\prims\methodHandles.cpp, line 1194]
Event: 0.289 Thread 0x0000029d954e9800 Exception <a 'java/lang/NoSuchFieldError': method resolution failed> (0x000000076ba21130) thrown at [C:\wsjdk\Corretto8Src\installers\windows\zip\corretto-build\buildRoot\hotspot\src\share\vm\prims\methodHandles.cpp, line 1194]
Event: 0.633 Thread 0x0000029d954e9800 Exception <a 'java/lang/NoSuchMethodError': java.lang.Object.lambda$comparing$77a9974f$1(Ljava/util/function/Function;Ljava/lang/Object;Ljava/lang/Object;)I> (0x000000076d69dac0) thrown at [C:\wsjdk\Corretto8Src\installers\windows\zip\corretto-build\build
Event: 0.822 Thread 0x0000029d954e9800 Implicit null exception at 0x0000029d9715e415 to 0x0000029d9715e4e9
Event: 1.960 Thread 0x0000029d954e9800 Implicit null exception at 0x0000029d97281086 to 0x0000029d97281b8d

Events (10 events):
Event: 1.981 loading class javax/net/ssl/TrustManagerFactory
Event: 1.981 loading class javax/net/ssl/TrustManagerFactory done
Event: 1.981 loading class javax/net/ssl/TrustManagerFactory$1
Event: 1.981 loading class javax/net/ssl/TrustManagerFactory$1 done
Event: 1.981 loading class org/apache/kafka/common/config/SaslConfigs
Event: 1.981 loading class org/apache/kafka/common/config/SaslConfigs done
Event: 1.982 loading class org/apache/kafka/common/config/internals/BrokerSecurityConfigs
Event: 1.982 loading class org/apache/kafka/common/config/internals/BrokerSecurityConfigs done
Event: 1.984 loading class org/apache/kafka/clients/consumer/ConsumerConfig
Event: 1.984 loading class org/apache/kafka/clients/consumer/ConsumerConfig done


Dynamic libraries:
0x00007ff776f20000 - 0x00007ff776f66000 	C:\Users\Rok\.jdks\corretto-1.8.0_402\bin\java.exe
0x00007ffed5430000 - 0x00007ffed5647000 	C:\WINDOWS\SYSTEM32\ntdll.dll
0x00007ffed3b90000 - 0x00007ffed3c54000 	C:\WINDOWS\System32\KERNEL32.DLL
0x00007ffed2800000 - 0x00007ffed2ba6000 	C:\WINDOWS\System32\KERNELBASE.dll
0x00007ffed3650000 - 0x00007ffed3703000 	C:\WINDOWS\System32\ADVAPI32.dll
0x00007ffed3c60000 - 0x00007ffed3d07000 	C:\WINDOWS\System32\msvcrt.dll
0x00007ffed43b0000 - 0x00007ffed4458000 	C:\WINDOWS\System32\sechost.dll
0x00007ffed2f80000 - 0x00007ffed2fa8000 	C:\WINDOWS\System32\bcrypt.dll
0x00007ffed3780000 - 0x00007ffed3897000 	C:\WINDOWS\System32\RPCRT4.dll
0x00007ffed32b0000 - 0x00007ffed345e000 	C:\WINDOWS\System32\USER32.dll
0x00007ffed2f50000 - 0x00007ffed2f76000 	C:\WINDOWS\System32\win32u.dll
0x00007ffed3460000 - 0x00007ffed3489000 	C:\WINDOWS\System32\GDI32.dll
0x00007ffed2fb0000 - 0x00007ffed30c8000 	C:\WINDOWS\System32\gdi32full.dll
0x00007ffed2eb0000 - 0x00007ffed2f4a000 	C:\WINDOWS\System32\msvcp_win.dll
0x00007ffed2d90000 - 0x00007ffed2ea1000 	C:\WINDOWS\System32\ucrtbase.dll
0x00007ffeb6940000 - 0x00007ffeb6bd3000 	C:\WINDOWS\WinSxS\amd64_microsoft.windows.common-controls_6595b64144ccf1df_6.0.22621.2506_none_270c5ae97388e100\COMCTL32.dll
0x00007ffed51d0000 - 0x00007ffed5201000 	C:\WINDOWS\System32\IMM32.DLL
0x00007ffeb35b0000 - 0x00007ffeb35c5000 	C:\Users\Rok\.jdks\corretto-1.8.0_402\jre\bin\vcruntime140.dll
0x00007ffe97630000 - 0x00007ffe976cb000 	C:\Users\Rok\.jdks\corretto-1.8.0_402\jre\bin\msvcp140.dll
0x0000000060000000 - 0x000000006085c000 	C:\Users\Rok\.jdks\corretto-1.8.0_402\jre\bin\server\jvm.dll
0x00007ffed3150000 - 0x00007ffed3158000 	C:\WINDOWS\System32\PSAPI.DLL
0x00007ffeae7a0000 - 0x00007ffeae7a9000 	C:\WINDOWS\SYSTEM32\WSOCK32.dll
0x00007ffec9e40000 - 0x00007ffec9e74000 	C:\WINDOWS\SYSTEM32\WINMM.dll
0x00007ffec83c0000 - 0x00007ffec83ca000 	C:\WINDOWS\SYSTEM32\VERSION.dll
0x00007ffed48f0000 - 0x00007ffed4961000 	C:\WINDOWS\System32\WS2_32.dll
0x00007ffed1820000 - 0x00007ffed1838000 	C:\WINDOWS\SYSTEM32\kernel.appcore.dll
0x00007ffeb6130000 - 0x00007ffeb6140000 	C:\Users\Rok\.jdks\corretto-1.8.0_402\jre\bin\verify.dll
0x00007ffeb3580000 - 0x00007ffeb35ab000 	C:\Users\Rok\.jdks\corretto-1.8.0_402\jre\bin\java.dll
0x00007ffeb2990000 - 0x00007ffeb29c2000 	C:\Users\Rok\.jdks\corretto-1.8.0_402\jre\bin\instrument.dll
0x00007ffeb3560000 - 0x00007ffeb3578000 	C:\Users\Rok\.jdks\corretto-1.8.0_402\jre\bin\zip.dll
0x00007ffed4970000 - 0x00007ffed51ca000 	C:\WINDOWS\System32\SHELL32.dll
0x00007ffed0650000 - 0x00007ffed0f46000 	C:\WINDOWS\SYSTEM32\windows.storage.dll
0x00007ffed3ec0000 - 0x00007ffed4249000 	C:\WINDOWS\System32\combase.dll
0x00007ffed0510000 - 0x00007ffed064e000 	C:\WINDOWS\SYSTEM32\wintypes.dll
0x00007ffed38c0000 - 0x00007ffed39b3000 	C:\WINDOWS\System32\SHCORE.dll
0x00007ffed3720000 - 0x00007ffed377e000 	C:\WINDOWS\System32\shlwapi.dll
0x00007ffed2670000 - 0x00007ffed2696000 	C:\WINDOWS\SYSTEM32\profapi.dll
0x00007ffeb2330000 - 0x00007ffeb234a000 	G:\InteliJ\IntelliJ IDEA 2023.2.4\bin\breakgen64.dll
0x00007ffeaf660000 - 0x00007ffeaf67c000 	C:\Users\Rok\.jdks\corretto-1.8.0_402\jre\bin\net.dll
0x00007ffed1c90000 - 0x00007ffed1cf9000 	C:\WINDOWS\system32\mswsock.dll
0x00007ffeaf640000 - 0x00007ffeaf653000 	C:\Users\Rok\.jdks\corretto-1.8.0_402\jre\bin\nio.dll
0x00007ffed1ea0000 - 0x00007ffed1ebb000 	C:\WINDOWS\SYSTEM32\CRYPTSP.dll
0x00007ffed1780000 - 0x00007ffed17b5000 	C:\WINDOWS\system32\rsaenh.dll
0x00007ffed1d40000 - 0x00007ffed1d6c000 	C:\WINDOWS\SYSTEM32\USERENV.dll
0x00007ffed30d0000 - 0x00007ffed314a000 	C:\WINDOWS\System32\bcryptprimitives.dll
0x00007ffed1ec0000 - 0x00007ffed1ecc000 	C:\WINDOWS\SYSTEM32\CRYPTBASE.dll
0x00007ffed1220000 - 0x00007ffed124d000 	C:\WINDOWS\SYSTEM32\IPHLPAPI.DLL
0x00007ffed4460000 - 0x00007ffed4469000 	C:\WINDOWS\System32\NSI.dll
0x00007ffeca180000 - 0x00007ffeca199000 	C:\WINDOWS\SYSTEM32\dhcpcsvc6.DLL
0x00007ffeca160000 - 0x00007ffeca17f000 	C:\WINDOWS\SYSTEM32\dhcpcsvc.DLL
0x00007ffed1290000 - 0x00007ffed1389000 	C:\WINDOWS\SYSTEM32\DNSAPI.dll
0x00007ffeb3510000 - 0x00007ffeb351d000 	C:\Users\Rok\.jdks\corretto-1.8.0_402\jre\bin\management.dll
0x00007ffecaef0000 - 0x00007ffecaefa000 	C:\Windows\System32\rasadhlp.dll
0x00007ffec8e30000 - 0x00007ffec8eb3000 	C:\WINDOWS\System32\fwpuclnt.dll

VM Arguments:
jvm_args: -javaagent:G:\InteliJ\IntelliJ IDEA 2023.2.4\lib\idea_rt.jar=6659:G:\InteliJ\IntelliJ IDEA 2023.2.4\bin -Dfile.encoding=UTF-8 
java_command: um.si.OrderStreamer
java_class_path (initial): C:\Users\Rok\.jdks\corretto-1.8.0_402\jre\lib\charsets.jar;C:\Users\Rok\.jdks\corretto-1.8.0_402\jre\lib\ext\access-bridge-64.jar;C:\Users\Rok\.jdks\corretto-1.8.0_402\jre\lib\ext\cldrdata.jar;C:\Users\Rok\.jdks\corretto-1.8.0_402\jre\lib\ext\dnsns.jar;C:\Users\Rok\.jdks\corretto-1.8.0_402\jre\lib\ext\jaccess.jar;C:\Users\Rok\.jdks\corretto-1.8.0_402\jre\lib\ext\jfxrt.jar;C:\Users\Rok\.jdks\corretto-1.8.0_402\jre\lib\ext\localedata.jar;C:\Users\Rok\.jdks\corretto-1.8.0_402\jre\lib\ext\nashorn.jar;C:\Users\Rok\.jdks\corretto-1.8.0_402\jre\lib\ext\sunec.jar;C:\Users\Rok\.jdks\corretto-1.8.0_402\jre\lib\ext\sunjce_provider.jar;C:\Users\Rok\.jdks\corretto-1.8.0_402\jre\lib\ext\sunmscapi.jar;C:\Users\Rok\.jdks\corretto-1.8.0_402\jre\lib\ext\sunpkcs11.jar;C:\Users\Rok\.jdks\corretto-1.8.0_402\jre\lib\ext\zipfs.jar;C:\Users\Rok\.jdks\corretto-1.8.0_402\jre\lib\jce.jar;C:\Users\Rok\.jdks\corretto-1.8.0_402\jre\lib\jfr.jar;C:\Users\Rok\.jdks\corretto-1.8.0_402\jre\lib\jfxswt.jar;C:\Users\Rok\.jdks\corretto-1.8.0_402\jre\lib\jsse.jar;C:\Users\Rok\.jdks\corretto-1.8.0_402\jre\lib\management-agent.jar;C:\Users\Rok\.jdks\corretto-1.8.0_402\jre\lib\resources.jar;C:\Users\Rok\.jdks\corretto-1.8.0_402\jre\lib\rt.jar;D:\Files\Work\magisterij\PTS\Kafka\KafkaAvro-main\KafkaStreamsApp\target\classes;C:\Users\Rok\.m2\repository\org\apache\kafka\kafka-streams\2.6.2\kafka-streams-2.6.2.jar;C:\Users\Rok\.m2\repository\org\apache\kafka\connect-json\2.6.2\connect-json-2.6.2.jar;C:\Users\Rok\.m2\repository\org\apache\kafka\connect-api\2.6.2\connect-api-2.6.2.jar;C:\Users\Rok\.m2\repository\com\fasterxml\jackson\datatype\jackson-datatype-jdk8\2.10.5\jackson-datatype-jdk8-2.10.5.jar;C:\Users\Rok\.m2\repository\org\slf4j\slf4j-api\1.7.30\slf4j-api-1.7.30.jar;C:\Users\Rok\.m2\repository\org\rocksdb\rocksdbjni\5.18.4\rocksdbjni-5.18.4.jar;C:\Users\Rok\.m2\repository\org\apache\kafka\kafka-clients\2.6.2\kafka-clients-2.6.2.jar;C:\Users\Rok\.m2\repository\com\github\lube
Launcher Type: SUN_STANDARD

Environment Variables:
JAVA_HOME=C:\Program Files\Java\jdk-16.0.1
PATH=C:\Program Files (x86)\Common Files\Oracle\Java\javapath;C:\Program Files\dotnet;C:\Program Files\Microsoft MPI\Bin\;C:\gradle-6.9.1\bin;C:\Program Files\Git\cmd;C:\WINDOWS\system32;C:\WINDOWS;C:\WINDOWS\System32\Wbem;C:\WINDOWS\System32\WindowsPowerShell\v1.0\;C:\WINDOWS\System32\OpenSSH\;C:\Program Files\NVIDIA Corporation\NVIDIA NvDLISR;C:\Program Files (x86)\dotnet\;C:\Program Files (x86)\NVIDIA Corporation\PhysX\Common;C:\WINDOWS\system32;C:\WINDOWS;C:\WINDOWS\System32\Wbem;C:\WINDOWS\System32\WindowsPowerShell\v1.0\;C:\WINDOWS\System32\OpenSSH\;C:\Program Files\dotnet\;C:\Program Files\Microsoft SQL Server\150\Tools\Binn\;C:\Program Files\Docker\Docker\resources\bin;C:\Users\Rok\AppData\Roaming\nvm;C:\Program Files\nodejs;C:\metasploit-framework\bin\;C:\Program Files\Graphviz\bin;%AppData%\npm;C:\Program Files\Java\jdk-16.0.1\bin;C:\Users\Rok\AppData\Local\Microsoft\WindowsApps;C:\Users\Rok\AppData\Local\GitHubDesktop\bin;C:\Users\Rok\AppData\Local\Programs\Microsoft VS Code\bin;C:\Users\Rok\AppData\Roaming\npm;C:\Program Files\heroku\bin;C:\Users\Rok\.dotnet\tools;G:\Programi\Rider\JetBrains Rider 2023.2.1\bin;C:\Users\Rok\AppData\Roaming\nvm;C:\Program Files\nodejs;C:\Program Files (x86)\Nmap;C:\Users\Rok\AppData\Roaming\npm;
USERNAME=Rok
OS=Windows_NT
PROCESSOR_IDENTIFIER=Intel64 Family 6 Model 158 Stepping 10, GenuineIntel



---------------  S Y S T E M  ---------------

OS: Windows 11 , 64 bit Build 22621 (10.0.22621.2506)

CPU:total 12 (initial active 12) (6 cores per cpu, 2 threads per core) family 6 model 158 stepping 10, cmov, cx8, fxsr, mmx, sse, sse2, sse3, ssse3, sse4.1, sse4.2, popcnt, avx, avx2, aes, clmul, erms, 3dnowpref, lzcnt, ht, tsc, tscinvbit, bmi1, bmi2, adx

Memory: 4k page, physical 16694516k(1954728k free), swap 28191608k(2068k free)

vm_info: OpenJDK 64-Bit Server VM (25.402-b08) for windows-amd64 JRE (1.8.0_402-b08), built on Jan 18 2024 20:56:13 by "Administrator" with MS VC++ 15.9 (VS2017)

time: Fri Jan 26 12:55:10 2024
timezone: Central Europe Standard Time
elapsed time: 2.070781 seconds (0d 0h 0m 2s)

